[2025-11-26 15:49:03.687] [info] Loaded model 2D_gait from file C:\GBW_MyPrograms\PredSim\Subjects\gait1018\gait1018.osim
[2025-11-26 15:49:03.689] [warning] Couldn't find file 'r_pelvis.vtp'.
[2025-11-26 15:49:03.689] [warning] Couldn't find file 'l_pelvis.vtp'.
[2025-11-26 15:49:03.689] [warning] Couldn't find file 'sacrum.vtp'.
[2025-11-26 15:49:03.689] [warning] Couldn't find file 'femur_l.vtp'.
[2025-11-26 15:49:03.689] [warning] Couldn't find file 'femur_r.vtp'.
[2025-11-26 15:49:03.689] [warning] Couldn't find file 'tibia_l.vtp'.
[2025-11-26 15:49:03.689] [warning] Couldn't find file 'l_fibula.vtp'.
[2025-11-26 15:49:03.689] [warning] Couldn't find file 'tibia_r.vtp'.
[2025-11-26 15:49:03.689] [warning] Couldn't find file 'r_fibula.vtp'.
[2025-11-26 15:49:03.689] [warning] Couldn't find file 'l_talus.vtp'.
[2025-11-26 15:49:03.689] [warning] Couldn't find file 'r_talus.vtp'.
[2025-11-26 15:49:03.689] [warning] Couldn't find file 'l_foot.vtp'.
[2025-11-26 15:49:03.689] [warning] Couldn't find file 'r_foot.vtp'.
[2025-11-26 15:49:03.689] [warning] Couldn't find file 'l_bofoot.vtp'.
[2025-11-26 15:49:03.689] [warning] Couldn't find file 'r_bofoot.vtp'.
[2025-11-26 15:49:03.689] [warning] Couldn't find file 'hat_spine.vtp'.
[2025-11-26 15:49:03.689] [warning] Couldn't find file 'hat_jaw.vtp'.
[2025-11-26 15:49:03.690] [warning] Couldn't find file 'hat_skull.vtp'.
[2025-11-26 15:49:03.690] [warning] Couldn't find file 'hat_ribs_scap.vtp'.
[2025-11-26 15:49:03.797] [info] Loaded model 2D_gait from file C:\GBW_MyPrograms\PredSim\Subjects\gait1018\gait1018.osim
[2025-11-26 15:49:03.797] [warning] Couldn't find file 'r_pelvis.vtp'.
[2025-11-26 15:49:03.797] [warning] Couldn't find file 'l_pelvis.vtp'.
[2025-11-26 15:49:03.797] [warning] Couldn't find file 'sacrum.vtp'.
[2025-11-26 15:49:03.797] [warning] Couldn't find file 'femur_l.vtp'.
[2025-11-26 15:49:03.797] [warning] Couldn't find file 'femur_r.vtp'.
[2025-11-26 15:49:03.797] [warning] Couldn't find file 'tibia_l.vtp'.
[2025-11-26 15:49:03.797] [warning] Couldn't find file 'l_fibula.vtp'.
[2025-11-26 15:49:03.797] [warning] Couldn't find file 'tibia_r.vtp'.
[2025-11-26 15:49:03.797] [warning] Couldn't find file 'r_fibula.vtp'.
[2025-11-26 15:49:03.797] [warning] Couldn't find file 'l_talus.vtp'.
[2025-11-26 15:49:03.797] [warning] Couldn't find file 'r_talus.vtp'.
[2025-11-26 15:49:03.797] [warning] Couldn't find file 'l_foot.vtp'.
[2025-11-26 15:49:03.797] [warning] Couldn't find file 'r_foot.vtp'.
[2025-11-26 15:49:03.798] [warning] Couldn't find file 'l_bofoot.vtp'.
[2025-11-26 15:49:03.798] [warning] Couldn't find file 'r_bofoot.vtp'.
[2025-11-26 15:49:03.798] [warning] Couldn't find file 'hat_spine.vtp'.
[2025-11-26 15:49:03.798] [warning] Couldn't find file 'hat_jaw.vtp'.
[2025-11-26 15:49:03.798] [warning] Couldn't find file 'hat_skull.vtp'.
[2025-11-26 15:49:03.798] [warning] Couldn't find file 'hat_ribs_scap.vtp'.
[2025-11-26 15:49:03.826] [info] Loaded model 2D_gait from file C:\GBW_MyPrograms\PredSim\Subjects\gait1018\gait1018.osim
[2025-11-26 15:49:03.826] [warning] Couldn't find file 'r_pelvis.vtp'.
[2025-11-26 15:49:03.826] [warning] Couldn't find file 'l_pelvis.vtp'.
[2025-11-26 15:49:03.826] [warning] Couldn't find file 'sacrum.vtp'.
[2025-11-26 15:49:03.826] [warning] Couldn't find file 'femur_l.vtp'.
[2025-11-26 15:49:03.826] [warning] Couldn't find file 'femur_r.vtp'.
[2025-11-26 15:49:03.826] [warning] Couldn't find file 'tibia_l.vtp'.
[2025-11-26 15:49:03.826] [warning] Couldn't find file 'l_fibula.vtp'.
[2025-11-26 15:49:03.826] [warning] Couldn't find file 'tibia_r.vtp'.
[2025-11-26 15:49:03.826] [warning] Couldn't find file 'r_fibula.vtp'.
[2025-11-26 15:49:03.826] [warning] Couldn't find file 'l_talus.vtp'.
[2025-11-26 15:49:03.826] [warning] Couldn't find file 'r_talus.vtp'.
[2025-11-26 15:49:03.826] [warning] Couldn't find file 'l_foot.vtp'.
[2025-11-26 15:49:03.826] [warning] Couldn't find file 'r_foot.vtp'.
[2025-11-26 15:49:03.826] [warning] Couldn't find file 'l_bofoot.vtp'.
[2025-11-26 15:49:03.826] [warning] Couldn't find file 'r_bofoot.vtp'.
[2025-11-26 15:49:03.827] [warning] Couldn't find file 'hat_spine.vtp'.
[2025-11-26 15:49:03.827] [warning] Couldn't find file 'hat_jaw.vtp'.
[2025-11-26 15:49:03.827] [warning] Couldn't find file 'hat_skull.vtp'.
[2025-11-26 15:49:03.827] [warning] Couldn't find file 'hat_ribs_scap.vtp'.
[2025-11-26 15:49:03.875] [info] Loaded model 2D_gait from file C:\GBW_MyPrograms\PredSim\Subjects\gait1018\gait1018.osim
[2025-11-26 15:49:03.875] [warning] Couldn't find file 'r_pelvis.vtp'.
[2025-11-26 15:49:03.875] [warning] Couldn't find file 'l_pelvis.vtp'.
[2025-11-26 15:49:03.875] [warning] Couldn't find file 'sacrum.vtp'.
[2025-11-26 15:49:03.875] [warning] Couldn't find file 'femur_l.vtp'.
[2025-11-26 15:49:03.875] [warning] Couldn't find file 'femur_r.vtp'.
[2025-11-26 15:49:03.875] [warning] Couldn't find file 'tibia_l.vtp'.
[2025-11-26 15:49:03.875] [warning] Couldn't find file 'l_fibula.vtp'.
[2025-11-26 15:49:03.875] [warning] Couldn't find file 'tibia_r.vtp'.
[2025-11-26 15:49:03.875] [warning] Couldn't find file 'r_fibula.vtp'.
[2025-11-26 15:49:03.875] [warning] Couldn't find file 'l_talus.vtp'.
[2025-11-26 15:49:03.875] [warning] Couldn't find file 'r_talus.vtp'.
[2025-11-26 15:49:03.875] [warning] Couldn't find file 'l_foot.vtp'.
[2025-11-26 15:49:03.875] [warning] Couldn't find file 'r_foot.vtp'.
[2025-11-26 15:49:03.875] [warning] Couldn't find file 'l_bofoot.vtp'.
[2025-11-26 15:49:03.875] [warning] Couldn't find file 'r_bofoot.vtp'.
[2025-11-26 15:49:03.875] [warning] Couldn't find file 'hat_spine.vtp'.
[2025-11-26 15:49:03.875] [warning] Couldn't find file 'hat_jaw.vtp'.
[2025-11-26 15:49:03.875] [warning] Couldn't find file 'hat_skull.vtp'.
[2025-11-26 15:49:03.876] [warning] Couldn't find file 'hat_ribs_scap.vtp'.
[2025-11-26 15:49:03.937] [info] Loaded model 2D_gait from file C:\GBW_MyPrograms\PredSim\Subjects\gait1018\gait1018.osim
[2025-11-26 15:49:03.937] [warning] Couldn't find file 'r_pelvis.vtp'.
[2025-11-26 15:49:03.937] [warning] Couldn't find file 'l_pelvis.vtp'.
[2025-11-26 15:49:03.937] [warning] Couldn't find file 'sacrum.vtp'.
[2025-11-26 15:49:03.937] [warning] Couldn't find file 'femur_l.vtp'.
[2025-11-26 15:49:03.937] [warning] Couldn't find file 'femur_r.vtp'.
[2025-11-26 15:49:03.937] [warning] Couldn't find file 'tibia_l.vtp'.
[2025-11-26 15:49:03.937] [warning] Couldn't find file 'l_fibula.vtp'.
[2025-11-26 15:49:03.937] [warning] Couldn't find file 'tibia_r.vtp'.
[2025-11-26 15:49:03.937] [warning] Couldn't find file 'r_fibula.vtp'.
[2025-11-26 15:49:03.937] [warning] Couldn't find file 'l_talus.vtp'.
[2025-11-26 15:49:03.937] [warning] Couldn't find file 'r_talus.vtp'.
[2025-11-26 15:49:03.937] [warning] Couldn't find file 'l_foot.vtp'.
[2025-11-26 15:49:03.937] [warning] Couldn't find file 'r_foot.vtp'.
[2025-11-26 15:49:03.937] [warning] Couldn't find file 'l_bofoot.vtp'.
[2025-11-26 15:49:03.937] [warning] Couldn't find file 'r_bofoot.vtp'.
[2025-11-26 15:49:03.937] [warning] Couldn't find file 'hat_spine.vtp'.
[2025-11-26 15:49:03.937] [warning] Couldn't find file 'hat_jaw.vtp'.
[2025-11-26 15:49:03.937] [warning] Couldn't find file 'hat_skull.vtp'.
[2025-11-26 15:49:03.937] [warning] Couldn't find file 'hat_ribs_scap.vtp'.
[2025-11-26 15:49:04.323] [info] Loaded model 2D_gait from file C:\GBW_MyPrograms\PredSim\Subjects\gait1018\gait1018.osim
[2025-11-26 15:49:04.323] [warning] Couldn't find file 'r_pelvis.vtp'.
[2025-11-26 15:49:04.323] [warning] Couldn't find file 'l_pelvis.vtp'.
[2025-11-26 15:49:04.323] [warning] Couldn't find file 'sacrum.vtp'.
[2025-11-26 15:49:04.323] [warning] Couldn't find file 'femur_l.vtp'.
[2025-11-26 15:49:04.323] [warning] Couldn't find file 'femur_r.vtp'.
[2025-11-26 15:49:04.323] [warning] Couldn't find file 'tibia_l.vtp'.
[2025-11-26 15:49:04.323] [warning] Couldn't find file 'l_fibula.vtp'.
[2025-11-26 15:49:04.323] [warning] Couldn't find file 'tibia_r.vtp'.
[2025-11-26 15:49:04.323] [warning] Couldn't find file 'r_fibula.vtp'.
[2025-11-26 15:49:04.323] [warning] Couldn't find file 'l_talus.vtp'.
[2025-11-26 15:49:04.323] [warning] Couldn't find file 'r_talus.vtp'.
[2025-11-26 15:49:04.323] [warning] Couldn't find file 'l_foot.vtp'.
[2025-11-26 15:49:04.323] [warning] Couldn't find file 'r_foot.vtp'.
[2025-11-26 15:49:04.323] [warning] Couldn't find file 'l_bofoot.vtp'.
[2025-11-26 15:49:04.323] [warning] Couldn't find file 'r_bofoot.vtp'.
[2025-11-26 15:49:04.323] [warning] Couldn't find file 'hat_spine.vtp'.
[2025-11-26 15:49:04.323] [warning] Couldn't find file 'hat_jaw.vtp'.
[2025-11-26 15:49:04.323] [warning] Couldn't find file 'hat_skull.vtp'.
[2025-11-26 15:49:04.324] [warning] Couldn't find file 'hat_ribs_scap.vtp'.
[2025-11-26 15:49:04.384] [info] Loaded model 2D_gait from file C:\GBW_MyPrograms\PredSim\Subjects\gait1018\gait1018.osim
[2025-11-26 15:49:04.384] [warning] Couldn't find file 'r_pelvis.vtp'.
[2025-11-26 15:49:04.384] [warning] Couldn't find file 'l_pelvis.vtp'.
[2025-11-26 15:49:04.384] [warning] Couldn't find file 'sacrum.vtp'.
[2025-11-26 15:49:04.384] [warning] Couldn't find file 'femur_l.vtp'.
[2025-11-26 15:49:04.384] [warning] Couldn't find file 'femur_r.vtp'.
[2025-11-26 15:49:04.384] [warning] Couldn't find file 'tibia_l.vtp'.
[2025-11-26 15:49:04.384] [warning] Couldn't find file 'l_fibula.vtp'.
[2025-11-26 15:49:04.385] [warning] Couldn't find file 'tibia_r.vtp'.
[2025-11-26 15:49:04.385] [warning] Couldn't find file 'r_fibula.vtp'.
[2025-11-26 15:49:04.385] [warning] Couldn't find file 'l_talus.vtp'.
[2025-11-26 15:49:04.385] [warning] Couldn't find file 'r_talus.vtp'.
[2025-11-26 15:49:04.385] [warning] Couldn't find file 'l_foot.vtp'.
[2025-11-26 15:49:04.385] [warning] Couldn't find file 'r_foot.vtp'.
[2025-11-26 15:49:04.385] [warning] Couldn't find file 'l_bofoot.vtp'.
[2025-11-26 15:49:04.385] [warning] Couldn't find file 'r_bofoot.vtp'.
[2025-11-26 15:49:04.385] [warning] Couldn't find file 'hat_spine.vtp'.
[2025-11-26 15:49:04.385] [warning] Couldn't find file 'hat_jaw.vtp'.
[2025-11-26 15:49:04.385] [warning] Couldn't find file 'hat_skull.vtp'.
[2025-11-26 15:49:04.385] [warning] Couldn't find file 'hat_ribs_scap.vtp'.
[2025-11-26 15:49:07.588] [info] Loaded model 2D_gait from file C:\GBW_MyPrograms\PredSim\Subjects\gait1018\gait1018.osim
[2025-11-26 15:49:07.588] [warning] Couldn't find file 'r_pelvis.vtp'.
[2025-11-26 15:49:07.588] [warning] Couldn't find file 'l_pelvis.vtp'.
[2025-11-26 15:49:07.588] [warning] Couldn't find file 'sacrum.vtp'.
[2025-11-26 15:49:07.588] [warning] Couldn't find file 'femur_l.vtp'.
[2025-11-26 15:49:07.588] [warning] Couldn't find file 'femur_r.vtp'.
[2025-11-26 15:49:07.589] [warning] Couldn't find file 'tibia_l.vtp'.
[2025-11-26 15:49:07.589] [warning] Couldn't find file 'l_fibula.vtp'.
[2025-11-26 15:49:07.589] [warning] Couldn't find file 'tibia_r.vtp'.
[2025-11-26 15:49:07.589] [warning] Couldn't find file 'r_fibula.vtp'.
[2025-11-26 15:49:07.589] [warning] Couldn't find file 'l_talus.vtp'.
[2025-11-26 15:49:07.589] [warning] Couldn't find file 'r_talus.vtp'.
[2025-11-26 15:49:07.589] [warning] Couldn't find file 'l_foot.vtp'.
[2025-11-26 15:49:07.589] [warning] Couldn't find file 'r_foot.vtp'.
[2025-11-26 15:49:07.589] [warning] Couldn't find file 'l_bofoot.vtp'.
[2025-11-26 15:49:07.589] [warning] Couldn't find file 'r_bofoot.vtp'.
[2025-11-26 15:49:07.589] [warning] Couldn't find file 'hat_spine.vtp'.
[2025-11-26 15:49:07.589] [warning] Couldn't find file 'hat_jaw.vtp'.
[2025-11-26 15:49:07.589] [warning] Couldn't find file 'hat_skull.vtp'.
[2025-11-26 15:49:07.589] [warning] Couldn't find file 'hat_ribs_scap.vtp'.
[2025-11-26 15:49:07.886] [info] Loaded model 2D_gait from file C:\GBW_MyPrograms\PredSim\Subjects\gait1018\gait1018.osim
[2025-11-26 15:49:07.886] [warning] Couldn't find file 'r_pelvis.vtp'.
[2025-11-26 15:49:07.886] [warning] Couldn't find file 'l_pelvis.vtp'.
[2025-11-26 15:49:07.887] [warning] Couldn't find file 'sacrum.vtp'.
[2025-11-26 15:49:07.887] [warning] Couldn't find file 'femur_l.vtp'.
[2025-11-26 15:49:07.887] [warning] Couldn't find file 'femur_r.vtp'.
[2025-11-26 15:49:07.887] [warning] Couldn't find file 'tibia_l.vtp'.
[2025-11-26 15:49:07.887] [warning] Couldn't find file 'l_fibula.vtp'.
[2025-11-26 15:49:07.887] [warning] Couldn't find file 'tibia_r.vtp'.
[2025-11-26 15:49:07.887] [warning] Couldn't find file 'r_fibula.vtp'.
[2025-11-26 15:49:07.887] [warning] Couldn't find file 'l_talus.vtp'.
[2025-11-26 15:49:07.887] [warning] Couldn't find file 'r_talus.vtp'.
[2025-11-26 15:49:07.887] [warning] Couldn't find file 'l_foot.vtp'.
[2025-11-26 15:49:07.887] [warning] Couldn't find file 'r_foot.vtp'.
[2025-11-26 15:49:07.887] [warning] Couldn't find file 'l_bofoot.vtp'.
[2025-11-26 15:49:07.887] [warning] Couldn't find file 'r_bofoot.vtp'.
[2025-11-26 15:49:07.887] [warning] Couldn't find file 'hat_spine.vtp'.
[2025-11-26 15:49:07.887] [warning] Couldn't find file 'hat_jaw.vtp'.
[2025-11-26 15:49:07.887] [warning] Couldn't find file 'hat_skull.vtp'.
[2025-11-26 15:49:07.887] [warning] Couldn't find file 'hat_ribs_scap.vtp'.
[2025-11-26 15:49:08.382] [info] Loaded model 2D_gait from file C:\GBW_MyPrograms\PredSim\Subjects\gait1018\gait1018.osim
[2025-11-26 15:49:08.383] [warning] Couldn't find file 'r_pelvis.vtp'.
[2025-11-26 15:49:08.383] [warning] Couldn't find file 'l_pelvis.vtp'.
[2025-11-26 15:49:08.383] [warning] Couldn't find file 'sacrum.vtp'.
[2025-11-26 15:49:08.383] [warning] Couldn't find file 'femur_l.vtp'.
[2025-11-26 15:49:08.383] [warning] Couldn't find file 'femur_r.vtp'.
[2025-11-26 15:49:08.383] [warning] Couldn't find file 'tibia_l.vtp'.
[2025-11-26 15:49:08.383] [warning] Couldn't find file 'l_fibula.vtp'.
[2025-11-26 15:49:08.383] [warning] Couldn't find file 'tibia_r.vtp'.
[2025-11-26 15:49:08.383] [warning] Couldn't find file 'r_fibula.vtp'.
[2025-11-26 15:49:08.383] [warning] Couldn't find file 'l_talus.vtp'.
[2025-11-26 15:49:08.383] [warning] Couldn't find file 'r_talus.vtp'.
[2025-11-26 15:49:08.383] [warning] Couldn't find file 'l_foot.vtp'.
[2025-11-26 15:49:08.383] [warning] Couldn't find file 'r_foot.vtp'.
[2025-11-26 15:49:08.383] [warning] Couldn't find file 'l_bofoot.vtp'.
[2025-11-26 15:49:08.383] [warning] Couldn't find file 'r_bofoot.vtp'.
[2025-11-26 15:49:08.383] [warning] Couldn't find file 'hat_spine.vtp'.
[2025-11-26 15:49:08.383] [warning] Couldn't find file 'hat_jaw.vtp'.
[2025-11-26 15:49:08.383] [warning] Couldn't find file 'hat_skull.vtp'.
[2025-11-26 15:49:08.383] [warning] Couldn't find file 'hat_ribs_scap.vtp'.
[2025-11-26 15:49:10.395] [info] Loaded model 2D_gait from file C:\GBW_MyPrograms\PredSim\Subjects\gait1018\gait1018.osim
[2025-11-26 15:49:10.395] [warning] Couldn't find file 'r_pelvis.vtp'.
[2025-11-26 15:49:10.395] [warning] Couldn't find file 'l_pelvis.vtp'.
[2025-11-26 15:49:10.395] [warning] Couldn't find file 'sacrum.vtp'.
[2025-11-26 15:49:10.395] [warning] Couldn't find file 'femur_l.vtp'.
[2025-11-26 15:49:10.395] [warning] Couldn't find file 'femur_r.vtp'.
[2025-11-26 15:49:10.395] [warning] Couldn't find file 'tibia_l.vtp'.
[2025-11-26 15:49:10.395] [warning] Couldn't find file 'l_fibula.vtp'.
[2025-11-26 15:49:10.395] [warning] Couldn't find file 'tibia_r.vtp'.
[2025-11-26 15:49:10.395] [warning] Couldn't find file 'r_fibula.vtp'.
[2025-11-26 15:49:10.395] [warning] Couldn't find file 'l_talus.vtp'.
[2025-11-26 15:49:10.395] [warning] Couldn't find file 'r_talus.vtp'.
[2025-11-26 15:49:10.395] [warning] Couldn't find file 'l_foot.vtp'.
[2025-11-26 15:49:10.395] [warning] Couldn't find file 'r_foot.vtp'.
[2025-11-26 15:49:10.395] [warning] Couldn't find file 'l_bofoot.vtp'.
[2025-11-26 15:49:10.395] [warning] Couldn't find file 'r_bofoot.vtp'.
[2025-11-26 15:49:10.395] [warning] Couldn't find file 'hat_spine.vtp'.
[2025-11-26 15:49:10.396] [warning] Couldn't find file 'hat_jaw.vtp'.
[2025-11-26 15:49:10.396] [warning] Couldn't find file 'hat_skull.vtp'.
[2025-11-26 15:49:10.396] [warning] Couldn't find file 'hat_ribs_scap.vtp'.
